[2025-07-25 20:09:24] start_service called, is_running=False
[2025-07-25 20:09:24] 正在启动 SarcNeuro Edge 服务 (端口 8000)...
[2025-07-25 20:09:26] 服务目录: sarcneuro-edge
[2025-07-25 20:09:26] 数据目录: sarcneuro-edge
[2025-07-25 20:09:26] Python可执行文件: C:\Users\lichu\AppData\Local\Programs\Python\Python313\python.exe
[2025-07-25 20:09:26] 当前工作目录: D:\sarcopenia_app
[2025-07-25 20:09:26] 是否打包环境: False
[2025-07-25 20:47:31] start_service called, is_running=False
[2025-07-25 20:47:31] 正在启动 SarcNeuro Edge 服务 (端口 8000)...
[2025-07-25 20:47:33] 服务目录: sarcneuro-edge
[2025-07-25 20:47:33] 数据目录: sarcneuro-edge
[2025-07-25 20:47:33] Python可执行文件: C:\Users\lichu\AppData\Local\Programs\Python\Python313\python.exe
[2025-07-25 20:47:33] 当前工作目录: D:\sarcopenia_app
[2025-07-25 20:47:33] 是否打包环境: False
[2025-07-25 20:49:58] start_service called, is_running=False
[2025-07-25 20:49:58] 正在启动 SarcNeuro Edge 服务 (端口 8000)...
[2025-07-25 20:53:12] start_service called, is_running=False
[2025-07-25 20:53:12] 正在启动 SarcNeuro Edge 服务 (端口 8000)...
[2025-07-25 20:59:19] start_service called, is_running=False
[2025-07-25 20:59:19] 正在启动 SarcNeuro Edge 服务 (端口 8000)...
[2025-07-25 21:05:13] start_service called, is_running=False
[2025-07-25 21:05:13] 正在启动 SarcNeuro Edge 服务 (端口 8000)...
[2025-07-25 21:10:39] start_service called, is_running=False
[2025-07-25 21:10:39] 正在启动 SarcNeuro Edge 服务 (端口 8000)...
[2025-07-25 21:12:56] start_service called, is_running=False
[2025-07-25 21:12:56] 正在启动 SarcNeuro Edge 服务 (端口 8000)...
[2025-07-25 21:15:09] start_service called, is_running=False
[2025-07-25 21:15:09] 正在启动 SarcNeuro Edge 服务 (端口 8000)...
